<?xml version="1.0" encoding="UTF-8"?>
<testng-results ignored="0" total="12" passed="12" failed="0" skipped="0">
  <reporter-output>
  </reporter-output>
  <suite started-at="2020-06-01T15:30:18 IST" name="Loan Depratment" finished-at="2020-06-01T15:30:19 IST" duration-ms="380">
    <groups>
      <group name="Smoke">
        <method signature="basics_Class2.demo3()[pri:0, instance:Test.basics_Class2@1198b989]" name="demo3" class="Test.basics_Class2"/>
        <method signature="basics_Class3.LoginAPIHomeLoan()[pri:0, instance:Test.basics_Class3@33afa13b]" name="LoginAPIHomeLoan" class="Test.basics_Class3"/>
        <method signature="basics_Class4.LoginAPICarLoan()[pri:0, instance:Test.basics_Class4@43301423]" name="LoginAPICarLoan" class="Test.basics_Class4"/>
      </group> <!-- Smoke -->
    </groups>
    <test started-at="2020-06-01T15:30:18 IST" name="Personal Loan" finished-at="2020-06-01T15:30:18 IST" duration-ms="103">
      <class name="Test.basics_Class1">
        <test-method is-config="true" signature="prerequisite()[pri:0, instance:Test.basics_Class1@527e5409]" started-at="2020-06-01T15:30:18 IST" name="prerequisite" finished-at="2020-06-01T15:30:18 IST" duration-ms="1" status="PASS">
          <reporter-output>
          </reporter-output>
        </test-method> <!-- prerequisite -->
        <test-method signature="demo()[pri:0, instance:Test.basics_Class1@527e5409]" started-at="2020-06-01T15:30:18 IST" name="demo" finished-at="2020-06-01T15:30:18 IST" duration-ms="12" status="PASS">
          <reporter-output>
          </reporter-output>
        </test-method> <!-- demo -->
        <test-method signature="demo2()[pri:0, instance:Test.basics_Class1@527e5409]" started-at="2020-06-01T15:30:18 IST" name="demo2" finished-at="2020-06-01T15:30:18 IST" duration-ms="10" status="PASS">
          <reporter-output>
          </reporter-output>
        </test-method> <!-- demo2 -->
      </class> <!-- Test.basics_Class1 -->
      <class name="Test.basics_Class2">
        <test-method signature="demo3()[pri:0, instance:Test.basics_Class2@1198b989]" started-at="2020-06-01T15:30:18 IST" name="demo3" finished-at="2020-06-01T15:30:18 IST" duration-ms="11" status="PASS">
          <reporter-output>
          </reporter-output>
        </test-method> <!-- demo3 -->
        <test-method is-config="true" signature="postcheck()[pri:0, instance:Test.basics_Class2@1198b989]" started-at="2020-06-01T15:30:18 IST" name="postcheck" finished-at="2020-06-01T15:30:18 IST" duration-ms="1" status="PASS">
          <reporter-output>
          </reporter-output>
        </test-method> <!-- postcheck -->
      </class> <!-- Test.basics_Class2 -->
    </test> <!-- Personal Loan -->
    <test started-at="2020-06-01T15:30:18 IST" name="Home Loan" finished-at="2020-06-01T15:30:18 IST" duration-ms="186">
      <class name="Test.basics_Class3">
        <test-method is-config="true" signature="BeforeClass()[pri:0, instance:Test.basics_Class3@33afa13b]" started-at="2020-06-01T15:30:18 IST" name="BeforeClass" finished-at="2020-06-01T15:30:18 IST" duration-ms="0" status="PASS">
          <reporter-output>
          </reporter-output>
        </test-method> <!-- BeforeClass -->
        <test-method is-config="true" signature="Beforemethod()[pri:0, instance:Test.basics_Class3@33afa13b]" started-at="2020-06-01T15:30:18 IST" name="Beforemethod" finished-at="2020-06-01T15:30:18 IST" duration-ms="1" status="PASS">
          <reporter-output>
          </reporter-output>
        </test-method> <!-- Beforemethod -->
        <test-method signature="LoginAPIHomeLoan()[pri:0, instance:Test.basics_Class3@33afa13b]" started-at="2020-06-01T15:30:18 IST" name="LoginAPIHomeLoan" finished-at="2020-06-01T15:30:18 IST" duration-ms="9" status="PASS">
          <reporter-output>
          </reporter-output>
        </test-method> <!-- LoginAPIHomeLoan -->
        <test-method is-config="true" signature="Aftermethod()[pri:0, instance:Test.basics_Class3@33afa13b]" started-at="2020-06-01T15:30:18 IST" name="Aftermethod" finished-at="2020-06-01T15:30:18 IST" duration-ms="1" status="PASS">
          <reporter-output>
          </reporter-output>
        </test-method> <!-- Aftermethod -->
        <test-method is-config="true" signature="Beforemethod()[pri:0, instance:Test.basics_Class3@33afa13b]" started-at="2020-06-01T15:30:18 IST" name="Beforemethod" finished-at="2020-06-01T15:30:18 IST" duration-ms="1" status="PASS">
          <reporter-output>
          </reporter-output>
        </test-method> <!-- Beforemethod -->
        <test-method signature="MobileloginHomeLoan(java.lang.String, java.lang.String)[pri:0, instance:Test.basics_Class3@33afa13b]" started-at="2020-06-01T15:30:18 IST" name="MobileloginHomeLoan" data-provider="getData" finished-at="2020-06-01T15:30:18 IST" duration-ms="5" status="PASS">
          <params>
            <param index="0">
              <value>
                <![CDATA[firstsetusername]]>
              </value>
            </param>
            <param index="1">
              <value>
                <![CDATA[password]]>
              </value>
            </param>
          </params>
          <reporter-output>
          </reporter-output>
        </test-method> <!-- MobileloginHomeLoan -->
        <test-method is-config="true" signature="Aftermethod()[pri:0, instance:Test.basics_Class3@33afa13b]" started-at="2020-06-01T15:30:18 IST" name="Aftermethod" finished-at="2020-06-01T15:30:18 IST" duration-ms="1" status="PASS">
          <reporter-output>
          </reporter-output>
        </test-method> <!-- Aftermethod -->
        <test-method is-config="true" signature="Beforemethod()[pri:0, instance:Test.basics_Class3@33afa13b]" started-at="2020-06-01T15:30:18 IST" name="Beforemethod" finished-at="2020-06-01T15:30:18 IST" duration-ms="1" status="PASS">
          <reporter-output>
          </reporter-output>
        </test-method> <!-- Beforemethod -->
        <test-method signature="MobileloginHomeLoan(java.lang.String, java.lang.String)[pri:0, instance:Test.basics_Class3@33afa13b]" started-at="2020-06-01T15:30:18 IST" name="MobileloginHomeLoan" data-provider="getData" finished-at="2020-06-01T15:30:18 IST" duration-ms="6" status="PASS">
          <params>
            <param index="0">
              <value>
                <![CDATA[secondsetusername]]>
              </value>
            </param>
            <param index="1">
              <value>
                <![CDATA[secondpassword]]>
              </value>
            </param>
          </params>
          <reporter-output>
          </reporter-output>
        </test-method> <!-- MobileloginHomeLoan -->
        <test-method is-config="true" signature="Aftermethod()[pri:0, instance:Test.basics_Class3@33afa13b]" started-at="2020-06-01T15:30:18 IST" name="Aftermethod" finished-at="2020-06-01T15:30:18 IST" duration-ms="1" status="PASS">
          <reporter-output>
          </reporter-output>
        </test-method> <!-- Aftermethod -->
        <test-method is-config="true" signature="Beforemethod()[pri:0, instance:Test.basics_Class3@33afa13b]" started-at="2020-06-01T15:30:18 IST" name="Beforemethod" finished-at="2020-06-01T15:30:18 IST" duration-ms="1" status="PASS">
          <reporter-output>
          </reporter-output>
        </test-method> <!-- Beforemethod -->
        <test-method signature="MobileloginHomeLoan(java.lang.String, java.lang.String)[pri:0, instance:Test.basics_Class3@33afa13b]" started-at="2020-06-01T15:30:18 IST" name="MobileloginHomeLoan" data-provider="getData" finished-at="2020-06-01T15:30:18 IST" duration-ms="3" status="PASS">
          <params>
            <param index="0">
              <value>
                <![CDATA[thirdsetusername]]>
              </value>
            </param>
            <param index="1">
              <value>
                <![CDATA[thirdpassword]]>
              </value>
            </param>
          </params>
          <reporter-output>
          </reporter-output>
        </test-method> <!-- MobileloginHomeLoan -->
        <test-method is-config="true" signature="Aftermethod()[pri:0, instance:Test.basics_Class3@33afa13b]" started-at="2020-06-01T15:30:18 IST" name="Aftermethod" finished-at="2020-06-01T15:30:18 IST" duration-ms="2" status="PASS">
          <reporter-output>
          </reporter-output>
        </test-method> <!-- Aftermethod -->
        <test-method signature="MobileloginHomeLoan2()[pri:0, instance:Test.basics_Class3@33afa13b]" started-at="2020-06-01T15:30:18 IST" name="MobileloginHomeLoan2" finished-at="2020-06-01T15:30:18 IST" duration-ms="3" status="PASS">
          <reporter-output>
          </reporter-output>
        </test-method> <!-- MobileloginHomeLoan2 -->
        <test-method is-config="true" signature="Beforemethod()[pri:0, instance:Test.basics_Class3@33afa13b]" started-at="2020-06-01T15:30:18 IST" name="Beforemethod" finished-at="2020-06-01T15:30:18 IST" duration-ms="0" status="PASS">
          <reporter-output>
          </reporter-output>
        </test-method> <!-- Beforemethod -->
        <test-method is-config="true" signature="Aftermethod()[pri:0, instance:Test.basics_Class3@33afa13b]" started-at="2020-06-01T15:30:18 IST" name="Aftermethod" finished-at="2020-06-01T15:30:18 IST" duration-ms="1" status="PASS">
          <reporter-output>
          </reporter-output>
        </test-method> <!-- Aftermethod -->
        <test-method is-config="true" signature="Beforemethod()[pri:0, instance:Test.basics_Class3@33afa13b]" started-at="2020-06-01T15:30:18 IST" name="Beforemethod" finished-at="2020-06-01T15:30:18 IST" duration-ms="1" status="PASS">
          <reporter-output>
          </reporter-output>
        </test-method> <!-- Beforemethod -->
        <test-method signature="WebloginHomeLoan(java.lang.String, java.lang.String)[pri:0, instance:Test.basics_Class3@33afa13b]" started-at="2020-06-01T15:30:18 IST" name="WebloginHomeLoan" finished-at="2020-06-01T15:30:18 IST" duration-ms="3" status="PASS">
          <params>
            <param index="0">
              <value>
                <![CDATA[qaclickacademy.com]]>
              </value>
            </param>
            <param index="1">
              <value>
                <![CDATA[12345]]>
              </value>
            </param>
          </params>
          <reporter-output>
          </reporter-output>
        </test-method> <!-- WebloginHomeLoan -->
        <test-method is-config="true" signature="Aftermethod()[pri:0, instance:Test.basics_Class3@33afa13b]" started-at="2020-06-01T15:30:18 IST" name="Aftermethod" finished-at="2020-06-01T15:30:18 IST" duration-ms="1" status="PASS">
          <reporter-output>
          </reporter-output>
        </test-method> <!-- Aftermethod -->
        <test-method is-config="true" signature="postcheck()[pri:0, instance:Test.basics_Class3@33afa13b]" started-at="2020-06-01T15:30:18 IST" name="postcheck" finished-at="2020-06-01T15:30:18 IST" duration-ms="1" status="PASS">
          <reporter-output>
          </reporter-output>
        </test-method> <!-- postcheck -->
        <test-method is-config="true" signature="AfterClass()[pri:0, instance:Test.basics_Class3@33afa13b]" started-at="2020-06-01T15:30:18 IST" name="AfterClass" finished-at="2020-06-01T15:30:18 IST" duration-ms="0" status="PASS">
          <reporter-output>
          </reporter-output>
        </test-method> <!-- AfterClass -->
      </class> <!-- Test.basics_Class3 -->
    </test> <!-- Home Loan -->
    <test started-at="2020-06-01T15:30:19 IST" name="Car Loan" finished-at="2020-06-01T15:30:19 IST" duration-ms="35">
      <class name="Test.basics_Class1">
        <test-method is-config="true" signature="beforesuite()[pri:0, instance:Test.basics_Class1@527e5409]" started-at="2020-06-01T15:30:18 IST" name="beforesuite" finished-at="2020-06-01T15:30:18 IST" duration-ms="17" status="PASS">
          <reporter-output>
          </reporter-output>
        </test-method> <!-- beforesuite -->
        <test-method is-config="true" signature="aftersuite()[pri:0, instance:Test.basics_Class1@527e5409]" started-at="2020-06-01T15:30:19 IST" name="aftersuite" finished-at="2020-06-01T15:30:19 IST" duration-ms="1" status="PASS">
          <reporter-output>
          </reporter-output>
        </test-method> <!-- aftersuite -->
      </class> <!-- Test.basics_Class1 -->
      <class name="Test.basics_Class4">
        <test-method signature="LoginAPICarLoan()[pri:0, instance:Test.basics_Class4@43301423]" started-at="2020-06-01T15:30:19 IST" name="LoginAPICarLoan" finished-at="2020-06-01T15:30:19 IST" duration-ms="5" status="PASS">
          <reporter-output>
          </reporter-output>
        </test-method> <!-- LoginAPICarLoan -->
        <test-method signature="MobileloginCarLoan()[pri:0, instance:Test.basics_Class4@43301423]" started-at="2020-06-01T15:30:19 IST" name="MobileloginCarLoan" finished-at="2020-06-01T15:30:19 IST" duration-ms="2" status="PASS">
          <reporter-output>
          </reporter-output>
        </test-method> <!-- MobileloginCarLoan -->
        <test-method signature="WebloginCarLoan()[pri:0, instance:Test.basics_Class4@43301423]" started-at="2020-06-01T15:30:19 IST" name="WebloginCarLoan" finished-at="2020-06-01T15:30:19 IST" duration-ms="5" status="PASS">
          <reporter-output>
          </reporter-output>
        </test-method> <!-- WebloginCarLoan -->
      </class> <!-- Test.basics_Class4 -->
    </test> <!-- Car Loan -->
  </suite> <!-- Loan Depratment -->
</testng-results>
