<?xml version="1.0" encoding="UTF-8"?>
<!-- Generated by org.testng.reporters.JUnitXMLReporter -->
<testsuite ignored="0" hostname="DESKTOP-B2KTJK1" failures="0" tests="7" name="Default test" time="0.131" errors="0" timestamp="2020-07-23T16:59:43 IST">
  <testcase classname="qaclickacademy.Mavenjava.AppTest" name="shouldAnswerWithTrue" time="0.015"/>
  <testcase classname="qaclickacademy.Mavenjava.AppiumTest" name="IOSApp" time="0.0"/>
  <testcase classname="qaclickacademy.Mavenjava.AppiumTest" name="NativeAppAndroid" time="0.0"/>
  <testcase classname="qaclickacademy.Mavenjava.RESTAPITest" name="DeleteTwitter" time="0.016"/>
  <testcase classname="qaclickacademy.Mavenjava.RESTAPITest" name="PostJira" time="0.0"/>
  <testcase classname="qaclickacademy.Mavenjava.SeleniumTest" name="BrowserAutomation" time="0.015"/>
  <testcase classname="qaclickacademy.Mavenjava.SeleniumTest" name="elementsUI" time="0.0"/>
</testsuite> <!-- Default test -->
