<?xml version="1.0" encoding="UTF-8"?>
<testng-results ignored="0" total="4" passed="4" failed="0" skipped="0">
  <reporter-output>
  </reporter-output>
  <suite started-at="2020-07-23T22:14:44 IST" name="Suite" finished-at="2020-07-23T22:14:44 IST" duration-ms="71">
    <groups>
    </groups>
    <test started-at="2020-07-23T22:14:44 IST" name="Test" finished-at="2020-07-23T22:14:44 IST" duration-ms="71">
      <class name="qaclickacademy.Mavenjava.AppiumTest">
        <test-method signature="IOSApp()[pri:0, instance:qaclickacademy.Mavenjava.AppiumTest@23282c25]" started-at="2020-07-23T22:14:44 IST" name="IOSApp" finished-at="2020-07-23T22:14:44 IST" duration-ms="1" status="PASS">
          <reporter-output>
          </reporter-output>
        </test-method> <!-- IOSApp -->
        <test-method signature="NativeAppAndroid()[pri:0, instance:qaclickacademy.Mavenjava.AppiumTest@23282c25]" started-at="2020-07-23T22:14:44 IST" name="NativeAppAndroid" finished-at="2020-07-23T22:14:44 IST" duration-ms="1" status="PASS">
          <reporter-output>
          </reporter-output>
        </test-method> <!-- NativeAppAndroid -->
      </class> <!-- qaclickacademy.Mavenjava.AppiumTest -->
      <class name="qaclickacademy.Mavenjava.RESTAPITest">
        <test-method signature="DeleteTwitter()[pri:0, instance:qaclickacademy.Mavenjava.RESTAPITest@1a84f40f]" started-at="2020-07-23T22:14:44 IST" name="DeleteTwitter" finished-at="2020-07-23T22:14:44 IST" duration-ms="7" status="PASS">
          <reporter-output>
          </reporter-output>
        </test-method> <!-- DeleteTwitter -->
        <test-method signature="PostJira()[pri:0, instance:qaclickacademy.Mavenjava.RESTAPITest@1a84f40f]" started-at="2020-07-23T22:14:44 IST" name="PostJira" finished-at="2020-07-23T22:14:44 IST" duration-ms="2" status="PASS">
          <reporter-output>
          </reporter-output>
        </test-method> <!-- PostJira -->
      </class> <!-- qaclickacademy.Mavenjava.RESTAPITest -->
    </test> <!-- Test -->
  </suite> <!-- Suite -->
</testng-results>
