<?xml version="1.0" encoding="UTF-8"?>
<!-- Generated by org.testng.reporters.JUnitXMLReporter -->
<testsuite ignored="0" hostname="DESKTOP-B2KTJK1" failures="0" tests="4" name="Test" time="0.071" errors="0" timestamp="2020-07-23T22:14:44 IST">
  <testcase classname="qaclickacademy.Mavenjava.RESTAPITest" name="DeleteTwitter" time="0.007"/>
  <testcase classname="qaclickacademy.Mavenjava.RESTAPITest" name="PostJira" time="0.002"/>
  <testcase classname="qaclickacademy.Mavenjava.AppiumTest" name="IOSApp" time="0.001"/>
  <testcase classname="qaclickacademy.Mavenjava.AppiumTest" name="NativeAppAndroid" time="0.001"/>
</testsuite> <!-- Test -->
