<?xml version="1.0" encoding="UTF-8"?>
<!-- Generated by org.testng.reporters.JUnitXMLReporter -->
<testsuite ignored="0" hostname="DESKTOP-B2KTJK1" failures="0" tests="10" name="Personal Loan" time="0.125" errors="0" timestamp="2020-05-31T21:40:24 IST">
  <testcase classname="Test.basics_Class1" name="demo" time="0.01"/>
  <testcase classname="Test.basics_Class1" name="demo2" time="0.005"/>
  <testcase classname="Test.basics_Class2" name="demo3" time="0.003"/>
  <testcase classname="Test.basics_Class3" name="LoginAPIHomeLoan" time="0.003"/>
  <testcase classname="Test.basics_Class3" name="MobileloginHomeLoan" time="0.003"/>
  <testcase classname="Test.basics_Class3" name="MobileloginHomeLoan2" time="0.002"/>
  <testcase classname="Test.basics_Class3" name="WebloginHomeLoan" time="0.003"/>
  <testcase classname="Test.basics_Class4" name="LoginAPICarLoan" time="0.002"/>
  <testcase classname="Test.basics_Class4" name="MobileloginCarLoan" time="0.001"/>
  <testcase classname="Test.basics_Class4" name="WebloginCarLoan" time="0.002"/>
</testsuite> <!-- Personal Loan -->
