<?xml version="1.0" encoding="UTF-8"?>
<!-- Generated by org.testng.reporters.JUnitXMLReporter -->
<testsuite ignored="0" hostname="DESKTOP-B2KTJK1" failures="0" tests="3" name="Car Loan" time="0.035" errors="0" timestamp="2020-06-01T15:30:19 IST">
  <testcase classname="Test.basics_Class4" name="LoginAPICarLoan" time="0.005"/>
  <testcase classname="Test.basics_Class4" name="MobileloginCarLoan" time="0.002"/>
  <testcase classname="Test.basics_Class4" name="WebloginCarLoan" time="0.005"/>
</testsuite> <!-- Car Loan -->
