<?xml version="1.0" encoding="UTF-8"?>
<!-- Generated by org.testng.reporters.JUnitXMLReporter -->
<testsuite ignored="0" hostname="DESKTOP-B2KTJK1" failures="0" tests="6" name="Home Loan" time="0.186" errors="0" timestamp="2020-06-01T15:30:18 IST">
  <testcase classname="Test.basics_Class3" name="LoginAPIHomeLoan" time="0.009"/>
  <testcase classname="Test.basics_Class3" name="MobileloginHomeLoan" time="0.005"/>
  <testcase classname="Test.basics_Class3" name="MobileloginHomeLoan" time="0.006"/>
  <testcase classname="Test.basics_Class3" name="MobileloginHomeLoan" time="0.003"/>
  <testcase classname="Test.basics_Class3" name="MobileloginHomeLoan2" time="0.003"/>
  <testcase classname="Test.basics_Class3" name="WebloginHomeLoan" time="0.003"/>
</testsuite> <!-- Home Loan -->
