<?xml version="1.0" encoding="UTF-8"?>
<!-- Generated by org.testng.reporters.JUnitXMLReporter -->
<testsuite ignored="0" hostname="DESKTOP-B2KTJK1" failures="0" tests="3" name="Personal Loan" time="0.103" errors="0" timestamp="2020-06-01T15:30:18 IST">
  <testcase classname="Test.basics_Class1" name="demo" time="0.012"/>
  <testcase classname="Test.basics_Class1" name="demo2" time="0.01"/>
  <testcase classname="Test.basics_Class2" name="demo3" time="0.011"/>
</testsuite> <!-- Personal Loan -->
