<?xml version="1.0" encoding="UTF-8"?>
<!-- Generated by org.testng.reporters.JUnitXMLReporter -->
<testsuite ignored="7" hostname="DESKTOP-B2KTJK1" failures="0" tests="3" name="Regression" time="0.143" errors="0" timestamp="2020-05-31T22:39:01 IST">
  <testcase classname="Test.basics_Class2" name="demo3" time="0.014"/>
  <testcase classname="Test.basics_Class3" name="LoginAPIHomeLoan" time="0.004"/>
  <testcase classname="Test.basics_Class4" name="LoginAPICarLoan" time="0.003"/>
  <testcase classname="Test.basics_Class4" name="MobileloginCarLoan" time="0.0">
    <ignored/>
  </testcase> <!-- MobileloginCarLoan -->
  <testcase classname="Test.basics_Class3" name="MobileloginHomeLoan" time="0.0">
    <ignored/>
  </testcase> <!-- MobileloginHomeLoan -->
  <testcase classname="Test.basics_Class3" name="WebloginHomeLoan" time="0.0">
    <ignored/>
  </testcase> <!-- WebloginHomeLoan -->
  <testcase classname="Test.basics_Class4" name="WebloginCarLoan" time="0.0">
    <ignored/>
  </testcase> <!-- WebloginCarLoan -->
  <testcase classname="Test.basics_Class3" name="MobileloginHomeLoan2" time="0.0">
    <ignored/>
  </testcase> <!-- MobileloginHomeLoan2 -->
  <testcase classname="Test.basics_Class1" name="demo" time="0.0">
    <ignored/>
  </testcase> <!-- demo -->
  <testcase classname="Test.basics_Class1" name="demo2" time="0.0">
    <ignored/>
  </testcase> <!-- demo2 -->
</testsuite> <!-- Regression -->
