<?xml version="1.0" encoding="UTF-8"?>
<testng-results ignored="0" total="4" passed="4" failed="0" skipped="0">
  <reporter-output>
  </reporter-output>
  <suite started-at="2020-07-23T21:49:26 IST" name="Suite" finished-at="2020-07-23T21:49:27 IST" duration-ms="106">
    <groups>
    </groups>
    <test started-at="2020-07-23T21:49:26 IST" name="Test" finished-at="2020-07-23T21:49:27 IST" duration-ms="106">
      <class name="qaclickacademy.Mavenjava.AppiumTest">
        <test-method signature="IOSApp()[pri:0, instance:qaclickacademy.Mavenjava.AppiumTest@1a04f701]" started-at="2020-07-23T21:49:27 IST" name="IOSApp" finished-at="2020-07-23T21:49:27 IST" duration-ms="1" status="PASS">
          <reporter-output>
          </reporter-output>
        </test-method> <!-- IOSApp -->
        <test-method signature="NativeAppAndroid()[pri:0, instance:qaclickacademy.Mavenjava.AppiumTest@1a04f701]" started-at="2020-07-23T21:49:27 IST" name="NativeAppAndroid" finished-at="2020-07-23T21:49:27 IST" duration-ms="3" status="PASS">
          <reporter-output>
          </reporter-output>
        </test-method> <!-- NativeAppAndroid -->
      </class> <!-- qaclickacademy.Mavenjava.AppiumTest -->
      <class name="qaclickacademy.Mavenjava.RESTAPITest">
        <test-method signature="DeleteTwitter()[pri:0, instance:qaclickacademy.Mavenjava.RESTAPITest@2f112965]" started-at="2020-07-23T21:49:27 IST" name="DeleteTwitter" finished-at="2020-07-23T21:49:27 IST" duration-ms="10" status="PASS">
          <reporter-output>
          </reporter-output>
        </test-method> <!-- DeleteTwitter -->
        <test-method signature="PostJira()[pri:0, instance:qaclickacademy.Mavenjava.RESTAPITest@2f112965]" started-at="2020-07-23T21:49:27 IST" name="PostJira" finished-at="2020-07-23T21:49:27 IST" duration-ms="3" status="PASS">
          <reporter-output>
          </reporter-output>
        </test-method> <!-- PostJira -->
      </class> <!-- qaclickacademy.Mavenjava.RESTAPITest -->
    </test> <!-- Test -->
  </suite> <!-- Suite -->
</testng-results>
